<?xml version="1.0" encoding="UTF-8"?>
<!-- Generated by org.testng.reporters.JUnitReportReporter -->
<testsuite hostname="DESKTOP-7UDUF21" failures="0" tests="2" name="tests.scenario.Test_Login" time="3.533" errors="0" timestamp="2021-05-02T16:35:19 CEST" skipped="0">
  <testcase classname="tests.scenario.Test_Login" name="loginTest" time="3.477"/>
  <system-out/>
  <testcase classname="tests.scenario.Test_Login" name="logoVisibility" time="0.056"/>
  <system-out/>
</testsuite> <!-- tests.scenario.Test_Login -->
